mode: set
github.com/nchukkaio/goweblearning/internal/handlers/handlers.go:31.62,36.2 1 0
github.com/nchukkaio/goweblearning/internal/handlers/handlers.go:39.51,44.2 1 1
github.com/nchukkaio/goweblearning/internal/handlers/handlers.go:47.33,49.2 1 1
github.com/nchukkaio/goweblearning/internal/handlers/handlers.go:52.67,54.2 1 1
github.com/nchukkaio/goweblearning/internal/handlers/handlers.go:57.68,60.2 1 1
github.com/nchukkaio/goweblearning/internal/handlers/handlers.go:63.74,65.9 2 1
github.com/nchukkaio/goweblearning/internal/handlers/handlers.go:71.2,72.16 2 1
github.com/nchukkaio/goweblearning/internal/handlers/handlers.go:78.2,92.4 10 1
github.com/nchukkaio/goweblearning/internal/handlers/handlers.go:65.9,69.3 3 1
github.com/nchukkaio/goweblearning/internal/handlers/handlers.go:72.16,76.3 3 1
github.com/nchukkaio/goweblearning/internal/handlers/handlers.go:96.78,98.16 2 1
github.com/nchukkaio/goweblearning/internal/handlers/handlers.go:103.2,108.16 5 1
github.com/nchukkaio/goweblearning/internal/handlers/handlers.go:113.2,114.16 2 1
github.com/nchukkaio/goweblearning/internal/handlers/handlers.go:119.2,120.16 2 1
github.com/nchukkaio/goweblearning/internal/handlers/handlers.go:125.2,138.19 6 1
github.com/nchukkaio/goweblearning/internal/handlers/handlers.go:148.2,149.16 2 1
github.com/nchukkaio/goweblearning/internal/handlers/handlers.go:154.2,162.16 3 1
github.com/nchukkaio/goweblearning/internal/handlers/handlers.go:167.2,168.66 2 1
github.com/nchukkaio/goweblearning/internal/handlers/handlers.go:98.16,102.3 3 1
github.com/nchukkaio/goweblearning/internal/handlers/handlers.go:108.16,112.3 3 1
github.com/nchukkaio/goweblearning/internal/handlers/handlers.go:114.16,118.3 3 1
github.com/nchukkaio/goweblearning/internal/handlers/handlers.go:120.16,124.3 3 1
github.com/nchukkaio/goweblearning/internal/handlers/handlers.go:138.19,147.3 5 1
github.com/nchukkaio/goweblearning/internal/handlers/handlers.go:149.16,153.3 3 1
github.com/nchukkaio/goweblearning/internal/handlers/handlers.go:162.16,166.3 3 1
github.com/nchukkaio/goweblearning/internal/handlers/handlers.go:172.81,174.9 2 0
github.com/nchukkaio/goweblearning/internal/handlers/handlers.go:180.2,191.4 9 0
github.com/nchukkaio/goweblearning/internal/handlers/handlers.go:174.9,179.3 4 0
github.com/nchukkaio/goweblearning/internal/handlers/handlers.go:195.71,197.2 1 1
github.com/nchukkaio/goweblearning/internal/handlers/handlers.go:200.69,202.2 1 1
github.com/nchukkaio/goweblearning/internal/handlers/handlers.go:205.75,207.2 1 1
github.com/nchukkaio/goweblearning/internal/handlers/handlers.go:210.79,216.16 5 0
github.com/nchukkaio/goweblearning/internal/handlers/handlers.go:220.2,221.16 2 0
github.com/nchukkaio/goweblearning/internal/handlers/handlers.go:226.2,227.16 2 0
github.com/nchukkaio/goweblearning/internal/handlers/handlers.go:231.2,231.21 1 0
github.com/nchukkaio/goweblearning/internal/handlers/handlers.go:237.2,246.4 5 0
github.com/nchukkaio/goweblearning/internal/handlers/handlers.go:216.16,219.3 2 0
github.com/nchukkaio/goweblearning/internal/handlers/handlers.go:221.16,224.3 2 0
github.com/nchukkaio/goweblearning/internal/handlers/handlers.go:227.16,230.3 2 0
github.com/nchukkaio/goweblearning/internal/handlers/handlers.go:231.21,236.3 3 0
github.com/nchukkaio/goweblearning/internal/handlers/handlers.go:258.79,260.16 2 1
github.com/nchukkaio/goweblearning/internal/handlers/handlers.go:271.2,281.16 10 1
github.com/nchukkaio/goweblearning/internal/handlers/handlers.go:291.2,301.14 4 1
github.com/nchukkaio/goweblearning/internal/handlers/handlers.go:260.16,269.3 5 1
github.com/nchukkaio/goweblearning/internal/handlers/handlers.go:281.16,290.3 5 1
github.com/nchukkaio/goweblearning/internal/handlers/handlers.go:306.73,308.16 2 0
github.com/nchukkaio/goweblearning/internal/handlers/handlers.go:312.2,313.9 2 0
github.com/nchukkaio/goweblearning/internal/handlers/handlers.go:318.2,320.63 3 0
github.com/nchukkaio/goweblearning/internal/handlers/handlers.go:308.16,311.3 2 0
github.com/nchukkaio/goweblearning/internal/handlers/handlers.go:313.9,316.3 2 0
github.com/nchukkaio/goweblearning/internal/handlers/handlers.go:324.71,337.16 12 0
github.com/nchukkaio/goweblearning/internal/handlers/handlers.go:342.2,345.63 3 0
github.com/nchukkaio/goweblearning/internal/handlers/handlers.go:337.16,340.3 2 0
github.com/nchukkaio/goweblearning/internal/handlers/handlers.go:349.70,351.2 1 1
